--------------- Build Started: 05/21/2018 11:55:09 Project: FYP, Configuration: ARM GCC 4.9-2015-q1-update Debug ---------------
The code generation step is up to date.
arm-none-eabi-gcc.exe -mcpu=cortex-m3 -mthumb -I. -IGenerated_Source\PSoC5 -Wa,-alh=.\ARM_GCC_493\Debug/main.lst -g -D DEBUG -Wall -ffunction-sections -Og -ffat-lto-objects -c main.c -o .\ARM_GCC_493\Debug\main.o
main.c: In function 'main':
main.c:85:9: warning: unused variable 'i' [-Wunused-variable]
     int i;
         ^
main.c:83:12: warning: unused variable 'int33' [-Wunused-variable]
     double int33;
            ^
main.c:82:12: warning: unused variable 'int22' [-Wunused-variable]
     double int22;
            ^
main.c:81:12: warning: unused variable 'int11' [-Wunused-variable]
     double int11;
            ^
main.c:79:9: warning: unused variable 'int3' [-Wunused-variable]
     int int3=0;
         ^
main.c:74:9: warning: unused variable 'counter' [-Wunused-variable]
     int counter = 0; 
         ^
main.c:71:10: warning: unused variable 'str' [-Wunused-variable]
     char str[50];
          ^
arm-none-eabi-gcc.exe -mcpu=cortex-m3 -mthumb -I. -IGenerated_Source\PSoC5 -Wa,-alh=.\ARM_GCC_493\Debug/movement.lst -g -D DEBUG -Wall -ffunction-sections -Og -ffat-lto-objects -c movement.c -o .\ARM_GCC_493\Debug\movement.o
arm-none-eabi-ar.exe -rs .\ARM_GCC_493\Debug\FYP.a .\ARM_GCC_493\Debug\cyfitter_cfg.o .\ARM_GCC_493\Debug\PWM_M1.o .\ARM_GCC_493\Debug\PWM_M1_PM.o .\ARM_GCC_493\Debug\MClock.o .\ARM_GCC_493\Debug\M1_FWD.o .\ARM_GCC_493\Debug\UART.o .\ARM_GCC_493\Debug\UART_PM.o .\ARM_GCC_493\Debug\UART_INT.o .\ARM_GCC_493\Debug\UART_BOOT.o .\ARM_GCC_493\Debug\M1_BWD.o .\ARM_GCC_493\Debug\PWM_M2.o .\ARM_GCC_493\Debug\PWM_M2_PM.o .\ARM_GCC_493\Debug\M2_FWD.o .\ARM_GCC_493\Debug\M2_BWD.o .\ARM_GCC_493\Debug\UART_IntClock.o .\ARM_GCC_493\Debug\CyDmac.o .\ARM_GCC_493\Debug\CyFlash.o .\ARM_GCC_493\Debug\CyLib.o .\ARM_GCC_493\Debug\cyPm.o .\ARM_GCC_493\Debug\CySpc.o .\ARM_GCC_493\Debug\cyutils.o .\ARM_GCC_493\Debug\Standby.o .\ARM_GCC_493\Debug\PWM_Out_1.o .\ARM_GCC_493\Debug\PWM_Out_2.o .\ARM_GCC_493\Debug\M1QuadDec.o .\ARM_GCC_493\Debug\M1QuadDec_INT.o .\ARM_GCC_493\Debug\M1QuadDec_PM.o .\ARM_GCC_493\Debug\M1_Phase1.o .\ARM_GCC_493\Debug\M1_Phase2.o .\ARM_GCC_493\Debug\M1Clock.o .\ARM_GCC_493\Debug\M2QuadDec.o .\ARM_GCC_493\Debug\M2QuadDec_INT.o .\ARM_GCC_493\Debug\M2QuadDec_PM.o .\ARM_GCC_493\Debug\M2_Phase1.o .\ARM_GCC_493\Debug\M2_Phase2.o .\ARM_GCC_493\Debug\M1QuadDec_isr.o .\ARM_GCC_493\Debug\M1QuadDec_Cnt16.o .\ARM_GCC_493\Debug\M1QuadDec_Cnt16_PM.o .\ARM_GCC_493\Debug\M2QuadDec_isr.o .\ARM_GCC_493\Debug\M2QuadDec_Cnt16.o .\ARM_GCC_493\Debug\M2QuadDec_Cnt16_PM.o .\ARM_GCC_493\Debug\isr_1ms.o .\ARM_GCC_493\Debug\Timer_1.o .\ARM_GCC_493\Debug\Timer_1_PM.o .\ARM_GCC_493\Debug\CyBootAsmGnu.o
arm-none-eabi-ar.exe: creating .\ARM_GCC_493\Debug\FYP.a
arm-none-eabi-gcc.exe -Wl,--start-group -o .\ARM_GCC_493\Debug\FYP.elf .\ARM_GCC_493\Debug\main.o .\ARM_GCC_493\Debug\movement.o .\ARM_GCC_493\Debug\serial.o .\ARM_GCC_493\Debug\cymetadata.o .\ARM_GCC_493\Debug\Cm3Start.o .\ARM_GCC_493\Debug\FYP.a "C:\Program Files (x86)\Cypress\PSoC Creator\4.0\PSoC Creator\psoc\content\cycomponentlibrary\CyComponentLibrary.cylib\CortexM3\ARM_GCC_493\Debug\CyComponentLibrary.a" -mcpu=cortex-m3 -mthumb -g -ffunction-sections -Og -ffat-lto-objects -L Generated_Source\PSoC5 -Wl,-Map,.\ARM_GCC_493\Debug/FYP.map -T C:\Users\tadge\Documents\GitHub\PSOC_Creator\laser_follower\FYP.cydsn\Generated_Source\PSoC5\cm3gcc.ld -specs=nano.specs -Wl,--gc-sections -Wl,--end-group
cyelftool.exe -C C:\Users\tadge\Documents\GitHub\PSOC_Creator\laser_follower\FYP.cydsn\ARM_GCC_493\Debug\FYP.elf --flash_row_size 256 --flash_size 262144
cyelftool.exe -S C:\Users\tadge\Documents\GitHub\PSOC_Creator\laser_follower\FYP.cydsn\ARM_GCC_493\Debug\FYP.elf
Flash used: 10488 of 262144 bytes (4.0%).
SRAM used: 4885 of 65536 bytes (7.5%). Stack: 2048 bytes. Heap: 128 bytes.
--------------- Build Succeeded: 05/21/2018 11:55:14 ---------------
